V^V^V^V^V^V^V^V^V^V^V^V^V^V^V^V^V^V^V^V^V^V^V^V^V^V^V^V^V^V^V^V^V^V^V^V^V^V^V^V^V
                           Legacy Borne Quality Check                           
V^V^V^V^V^V^V^V^V^V^V^V^V^V^V^V^V^V^V^V^V^V^V^V^V^V^V^V^V^V^V^V^V^V^V^V^V^V^V^V^V
Integrity check results: WARNING [Unimplimented]
Error check results: ERROR
---------------------------------------------------------------------------------
10 have been detected!

[1] Location:CH1 Task: Sprite Extraction
          Command: ./UndermodCLI/UndertaleModCli DELTARUNE/chapter1_windows/data.win UndermodCLI/Scripts/Resource Exporters/ExportAllSprites.csx -o rawExports/CH1/sprites
DIAGNOSIS:
 Required command was not provided.
Unrecognized command or argument 'DELTARUNE/chapter1_windows/data.win'.
Unrecognized command or argument 'UndermodCLI/Scripts/Resource Exporters/ExportAllSprites.csx'.
Unrecognized command or argument '-o'.
Unrecognized command or argument 'rawExports/CH1/sprites'.
[2] Location:CH1 Task: Tileset Extraction
          Command: ./UndermodCLI/UndertaleModCli DELTARUNE/chapter1_windows/data.win UndermodCLI/Scripts/Resource Exporters/ExportAllTilesets.csx -o rawExports/CH1/tilesets
DIAGNOSIS:
 Required command was not provided.
Unrecognized command or argument 'DELTARUNE/chapter1_windows/data.win'.
Unrecognized command or argument 'UndermodCLI/Scripts/Resource Exporters/ExportAllTilesets.csx'.
Unrecognized command or argument '-o'.
Unrecognized command or argument 'rawExports/CH1/tilesets'.
[3] Location:CH2 Task: Sprite Extraction
          Command: ./UndermodCLI/UndertaleModCli DELTARUNE/chapter2_windows/data.win UndermodCLI/Scripts/Resource Exporters/ExportAllSprites.csx -o rawExports/CH2/sprites
DIAGNOSIS:
 Required command was not provided.
Unrecognized command or argument 'DELTARUNE/chapter2_windows/data.win'.
Unrecognized command or argument 'UndermodCLI/Scripts/Resource Exporters/ExportAllSprites.csx'.
Unrecognized command or argument '-o'.
Unrecognized command or argument 'rawExports/CH2/sprites'.
[4] Location:CH2 Task: Tileset Extraction
          Command: ./UndermodCLI/UndertaleModCli DELTARUNE/chapter2_windows/data.win UndermodCLI/Scripts/Resource Exporters/ExportAllTilesets.csx -o rawExports/CH2/tilesets
DIAGNOSIS:
 Required command was not provided.
Unrecognized command or argument 'DELTARUNE/chapter2_windows/data.win'.
Unrecognized command or argument 'UndermodCLI/Scripts/Resource Exporters/ExportAllTilesets.csx'.
Unrecognized command or argument '-o'.
Unrecognized command or argument 'rawExports/CH2/tilesets'.
[5] Location:CH3 Task: Sprite Extraction
          Command: ./UndermodCLI/UndertaleModCli DELTARUNE/chapter3_windows/data.win UndermodCLI/Scripts/Resource Exporters/ExportAllSprites.csx -o rawExports/CH3/sprites
DIAGNOSIS:
 Required command was not provided.
Unrecognized command or argument 'DELTARUNE/chapter3_windows/data.win'.
Unrecognized command or argument 'UndermodCLI/Scripts/Resource Exporters/ExportAllSprites.csx'.
Unrecognized command or argument '-o'.
Unrecognized command or argument 'rawExports/CH3/sprites'.
[6] Location:CH3 Task: Tileset Extraction
          Command: ./UndermodCLI/UndertaleModCli DELTARUNE/chapter3_windows/data.win UndermodCLI/Scripts/Resource Exporters/ExportAllTilesets.csx -o rawExports/CH3/tilesets
DIAGNOSIS:
 Required command was not provided.
Unrecognized command or argument 'DELTARUNE/chapter3_windows/data.win'.
Unrecognized command or argument 'UndermodCLI/Scripts/Resource Exporters/ExportAllTilesets.csx'.
Unrecognized command or argument '-o'.
Unrecognized command or argument 'rawExports/CH3/tilesets'.
[7] Location:CH4 Task: Sprite Extraction
          Command: ./UndermodCLI/UndertaleModCli DELTARUNE/chapter4_windows/data.win UndermodCLI/Scripts/Resource Exporters/ExportAllSprites.csx -o rawExports/CH4/sprites
DIAGNOSIS:
 Required command was not provided.
Unrecognized command or argument 'DELTARUNE/chapter4_windows/data.win'.
Unrecognized command or argument 'UndermodCLI/Scripts/Resource Exporters/ExportAllSprites.csx'.
Unrecognized command or argument '-o'.
Unrecognized command or argument 'rawExports/CH4/sprites'.
[8] Location:CH4 Task: Tileset Extraction
          Command: ./UndermodCLI/UndertaleModCli DELTARUNE/chapter4_windows/data.win UndermodCLI/Scripts/Resource Exporters/ExportAllTilesets.csx -o rawExports/CH4/tilesets
DIAGNOSIS:
 Required command was not provided.
Unrecognized command or argument 'DELTARUNE/chapter4_windows/data.win'.
Unrecognized command or argument 'UndermodCLI/Scripts/Resource Exporters/ExportAllTilesets.csx'.
Unrecognized command or argument '-o'.
Unrecognized command or argument 'rawExports/CH4/tilesets'.
[9] Location:Global Task: Sprite Extraction
          Command: ./UndermodCLI/UndertaleModCli DELTARUNE/data.win UndermodCLI/Scripts/Resource Exporters/ExportAllSprites.csx -o rawExports/sprites
DIAGNOSIS:
 Required command was not provided.
Unrecognized command or argument 'DELTARUNE/data.win'.
Unrecognized command or argument 'UndermodCLI/Scripts/Resource Exporters/ExportAllSprites.csx'.
Unrecognized command or argument '-o'.
Unrecognized command or argument 'rawExports/sprites'.
[10] Location:Global Task: Tileset Extraction
          Command: ./UndermodCLI/UndertaleModCli DELTARUNE/data.win UndermodCLI/Scripts/Resource Exporters/ExportAllTilesets.csx -o rawExports/tilesets
DIAGNOSIS:
 Required command was not provided.
Unrecognized command or argument 'DELTARUNE/data.win'.
Unrecognized command or argument 'UndermodCLI/Scripts/Resource Exporters/ExportAllTilesets.csx'.
Unrecognized command or argument '-o'.
Unrecognized command or argument 'rawExports/tilesets'.